c:\users\alseh\desktop\termproject_final\termproject_final\release\termproject_final.pch
c:\users\alseh\desktop\termproject_final\termproject_final\release\vc142.pdb
c:\users\alseh\desktop\termproject_final\termproject_final\release\stdafx.obj
c:\users\alseh\desktop\termproject_final\termproject_final\release\town.obj
c:\users\alseh\desktop\termproject_final\termproject_final\release\timer.obj
c:\users\alseh\desktop\termproject_final\termproject_final\release\stage.obj
c:\users\alseh\desktop\termproject_final\termproject_final\release\sound.obj
c:\users\alseh\desktop\termproject_final\termproject_final\release\skill.obj
c:\users\alseh\desktop\termproject_final\termproject_final\release\scene.obj
c:\users\alseh\desktop\termproject_final\termproject_final\release\player.obj
c:\users\alseh\desktop\termproject_final\termproject_final\release\phase.obj
c:\users\alseh\desktop\termproject_final\termproject_final\release\object.obj
c:\users\alseh\desktop\termproject_final\termproject_final\release\main.obj
c:\users\alseh\desktop\termproject_final\termproject_final\release\intro.obj
c:\users\alseh\desktop\termproject_final\termproject_final\release\interface.obj
c:\users\alseh\desktop\termproject_final\termproject_final\release\image.obj
c:\users\alseh\desktop\termproject_final\termproject_final\release\enemy.obj
c:\users\alseh\desktop\termproject_final\termproject_final\release\effect.obj
c:\users\alseh\desktop\termproject_final\termproject_final\release\bullet.obj
c:\users\alseh\desktop\termproject_final\termproject_final\release\boss.obj
c:\users\alseh\desktop\termproject_final\termproject_final\release\battle.obj
c:\users\alseh\desktop\termproject_final\release\termproject_final.exe
c:\users\alseh\desktop\termproject_final\termproject_final\release\termproject_final.ipdb
c:\users\alseh\desktop\termproject_final\termproject_final\release\termproject_final.iobj
c:\users\alseh\desktop\termproject_final\release\termproject_final.pdb
c:\users\alseh\desktop\termproject_final\termproject_final\release\termproject_final.res
c:\users\alseh\desktop\termproject_final\termproject_final\release\termproj.480a1671.tlog\cl.command.1.tlog
c:\users\alseh\desktop\termproject_final\termproject_final\release\termproj.480a1671.tlog\cl.read.1.tlog
c:\users\alseh\desktop\termproject_final\termproject_final\release\termproj.480a1671.tlog\cl.write.1.tlog
c:\users\alseh\desktop\termproject_final\termproject_final\release\termproj.480a1671.tlog\link.command.1.tlog
c:\users\alseh\desktop\termproject_final\termproject_final\release\termproj.480a1671.tlog\link.read.1.tlog
c:\users\alseh\desktop\termproject_final\termproject_final\release\termproj.480a1671.tlog\link.write.1.tlog
c:\users\alseh\desktop\termproject_final\termproject_final\release\termproj.480a1671.tlog\rc.command.1.tlog
c:\users\alseh\desktop\termproject_final\termproject_final\release\termproj.480a1671.tlog\rc.read.1.tlog
c:\users\alseh\desktop\termproject_final\termproject_final\release\termproj.480a1671.tlog\rc.write.1.tlog
